<?xml version="1.0" encoding="UTF-8"?>
<!-- Generated by org.testng.reporters.JUnitReportReporter -->
<testsuite hostname="hp" failures="0" tests="1" name="Scripts.TC01" time="9.743" errors="0" timestamp="31 Aug 2019 05:57:02 GMT" skipped="0">
  <testcase classname="Scripts.TC01" name="testLogiin" time="9.743"/>
</testsuite> <!-- Scripts.TC01 -->
