<?xml version="1.0" encoding="UTF-8"?>
<!-- Generated by org.testng.reporters.JUnitReportReporter -->
<testsuite hostname="hp" failures="0" tests="1" name="Scripts.TC02" time="8.297" errors="0" timestamp="31 Aug 2019 08:02:31 GMT" skipped="0">
  <testcase classname="Scripts.TC02" name="testLogin_logout" time="8.297"/>
</testsuite> <!-- Scripts.TC02 -->
